<?xml version="1.0" encoding="UTF-8"?>
<!-- Generated by org.testng.reporters.JUnitReportReporter -->
<testsuite skipped="0" hostname="DESKTOP-482OVNE" name="com.accenture.Bdc7" tests="4" failures="0" timestamp="23 Oct 2018 16:20:47 GMT" time="89.182" errors="0">
  <testcase name="method3" time="24.085" classname="com.accenture.Bdc7"/>
  <testcase name="method4" time="26.513" classname="com.accenture.Bdc7"/>
  <testcase name="method2" time="15.467" classname="com.accenture.Bdc7"/>
  <testcase name="method1" time="23.117" classname="com.accenture.Bdc7"/>
</testsuite> <!-- com.accenture.Bdc7 -->
